0 info it worked if it ends with ok
1 verbose cli [ '/home/mvlastel/Programs/node-v4.4.5-linux-x64/bin/node',
1 verbose cli   '/home/mvlastel/Programs/node-v4.4.5-linux-x64/bin/npm',
1 verbose cli   'start' ]
2 info using npm@3.9.6
3 info using node@v4.4.5
4 verbose run-script [ 'prestart', 'start', 'poststart' ]
5 info lifecycle homepage@0.0.0~prestart: homepage@0.0.0
6 silly lifecycle homepage@0.0.0~prestart: no script for prestart, continuing
7 info lifecycle homepage@0.0.0~start: homepage@0.0.0
8 verbose lifecycle homepage@0.0.0~start: unsafe-perm in lifecycle true
9 verbose lifecycle homepage@0.0.0~start: PATH: /home/mvlastel/Programs/node-v4.4.5-linux-x64/lib/node_modules/npm/bin/node-gyp-bin:/home/mvlastel/projects/homepage-node/node_modules/.bin:/home/mvlastel/Programs/node-v4.4.5-linux-x64/bin:/home/mvlastel/anaconda3/bin:/sbin:/bin:/usr/sbin:/usr/bin:/opt/ibm/c4eb/bin:/usr/kerberos/bin:/home/mvlastel/Programs/jdk1.8.0_77/bin:/home/mvlastel/Programs/scala-2.10.3/bin:/home/mvlastel/bin:/home/mvlastel/bin:/home/mvlastel/Programs/spark-1.6.1/bin:/usr/local/maven/bin:/home/mvlastel/Programs/node-v4.4.5-linux-x64/bin
10 verbose lifecycle homepage@0.0.0~start: CWD: /home/mvlastel/projects/homepage-node
11 silly lifecycle homepage@0.0.0~start: Args: [ '-c', 'node ./bin/www' ]
12 silly lifecycle homepage@0.0.0~start: Returned: code: 1  signal: null
13 info lifecycle homepage@0.0.0~start: Failed to exec start script
14 verbose stack Error: homepage@0.0.0 start: `node ./bin/www`
14 verbose stack Exit status 1
14 verbose stack     at EventEmitter.<anonymous> (/home/mvlastel/Programs/node-v4.4.5-linux-x64/lib/node_modules/npm/lib/utils/lifecycle.js:245:16)
14 verbose stack     at emitTwo (events.js:87:13)
14 verbose stack     at EventEmitter.emit (events.js:172:7)
14 verbose stack     at ChildProcess.<anonymous> (/home/mvlastel/Programs/node-v4.4.5-linux-x64/lib/node_modules/npm/lib/utils/spawn.js:24:14)
14 verbose stack     at emitTwo (events.js:87:13)
14 verbose stack     at ChildProcess.emit (events.js:172:7)
14 verbose stack     at maybeClose (internal/child_process.js:827:16)
14 verbose stack     at Process.ChildProcess._handle.onexit (internal/child_process.js:211:5)
15 verbose pkgid homepage@0.0.0
16 verbose cwd /home/mvlastel/projects/homepage-node
17 error Linux 3.10.0-327.18.2.el7.x86_64
18 error argv "/home/mvlastel/Programs/node-v4.4.5-linux-x64/bin/node" "/home/mvlastel/Programs/node-v4.4.5-linux-x64/bin/npm" "start"
19 error node v4.4.5
20 error npm  v3.9.6
21 error code ELIFECYCLE
22 error homepage@0.0.0 start: `node ./bin/www`
22 error Exit status 1
23 error Failed at the homepage@0.0.0 start script 'node ./bin/www'.
23 error Make sure you have the latest version of node.js and npm installed.
23 error If you do, this is most likely a problem with the homepage package,
23 error not with npm itself.
23 error Tell the author that this fails on your system:
23 error     node ./bin/www
23 error You can get information on how to open an issue for this project with:
23 error     npm bugs homepage
23 error Or if that isn't available, you can get their info via:
23 error     npm owner ls homepage
23 error There is likely additional logging output above.
24 verbose exit [ 1, true ]
